[03:11:53 WRN] The property 'Invoice.UpdatedAt' was first mapped explicitly and then ignored. Consider not mapping the property in the first place.
[03:11:53 WRN] The property 'Category.UpdatedAt' was first mapped explicitly and then ignored. Consider not mapping the property in the first place.
[03:11:53 WRN] The property 'Inventory.UpdatedAt' was first mapped explicitly and then ignored. Consider not mapping the property in the first place.
[03:11:53 WRN] The property 'InventoryMovement.UpdatedAt' was first mapped explicitly and then ignored. Consider not mapping the property in the first place.
[03:11:53 WRN] The property 'Product.UpdatedAt' was first mapped explicitly and then ignored. Consider not mapping the property in the first place.
[03:11:53 WRN] The property 'Warehouse.UpdatedAt' was first mapped explicitly and then ignored. Consider not mapping the property in the first place.
[03:11:53 WRN] The property 'Client.UpdatedAt' was first mapped explicitly and then ignored. Consider not mapping the property in the first place.
[03:11:53 WRN] The property 'Department.UpdatedAt' was first mapped explicitly and then ignored. Consider not mapping the property in the first place.
[03:11:53 WRN] The property 'Employee.UpdatedAt' was first mapped explicitly and then ignored. Consider not mapping the property in the first place.
[03:11:53 WRN] The property 'JobPosition.UpdatedAt' was first mapped explicitly and then ignored. Consider not mapping the property in the first place.
[03:11:53 WRN] The property 'Person.UpdatedAt' was first mapped explicitly and then ignored. Consider not mapping the property in the first place.
[03:11:53 WRN] The property 'Supplier.UpdatedAt' was first mapped explicitly and then ignored. Consider not mapping the property in the first place.
[03:11:53 WRN] The property 'Purchase.UpdatedAt' was first mapped explicitly and then ignored. Consider not mapping the property in the first place.
[03:11:53 WRN] The property 'PurchaseOrder.UpdatedAt' was first mapped explicitly and then ignored. Consider not mapping the property in the first place.
[03:11:53 WRN] The property 'Order.UpdatedAt' was first mapped explicitly and then ignored. Consider not mapping the property in the first place.
[03:11:53 WRN] The property 'Sale.UpdatedAt' was first mapped explicitly and then ignored. Consider not mapping the property in the first place.
[03:11:53 WRN] The property 'Role.UpdatedAt' was first mapped explicitly and then ignored. Consider not mapping the property in the first place.
[03:11:53 WRN] The property 'User.UpdatedAt' was first mapped explicitly and then ignored. Consider not mapping the property in the first place.
Unhandled exception. System.InvalidOperationException: The ConnectionString property has not been initialized.
   at Npgsql.ThrowHelper.ThrowInvalidOperationException(String message)
   at Npgsql.NpgsqlConnection.Open(Boolean async, CancellationToken cancellationToken)
   at Npgsql.NpgsqlConnection.OpenAsync(CancellationToken cancellationToken)
   at Microsoft.EntityFrameworkCore.Storage.RelationalConnection.OpenDbConnectionAsync(Boolean errorsExpected, CancellationToken cancellationToken)
   at Microsoft.EntityFrameworkCore.Storage.RelationalConnection.OpenInternalAsync(Boolean errorsExpected, CancellationToken cancellationToken)
   at Microsoft.EntityFrameworkCore.Storage.RelationalConnection.OpenInternalAsync(Boolean errorsExpected, CancellationToken cancellationToken)
   at Microsoft.EntityFrameworkCore.Storage.RelationalConnection.OpenAsync(CancellationToken cancellationToken, Boolean errorsExpected)
   at Npgsql.EntityFrameworkCore.PostgreSQL.Storage.Internal.NpgsqlDatabaseCreator.<>c__DisplayClass18_0.<<ExistsAsync>b__0>d.MoveNext()
--- End of stack trace from previous location ---
   at Npgsql.EntityFrameworkCore.PostgreSQL.Storage.Internal.NpgsqlDatabaseCreator.<>c__DisplayClass18_0.<<ExistsAsync>b__0>d.MoveNext()
--- End of stack trace from previous location ---
   at Npgsql.EntityFrameworkCore.PostgreSQL.Storage.Internal.NpgsqlExecutionStrategy.ExecuteAsync[TState,TResult](TState state, Func`4 operation, Func`4 verifySucceeded, CancellationToken cancellationToken)
   at Microsoft.EntityFrameworkCore.Storage.RelationalDatabaseCreator.EnsureCreatedAsync(CancellationToken cancellationToken)
   at Program.<Main>$(String[] args) in C:\Users\vcald\NexusERP\src\NexusERP.Api\Program.cs:line 79
   at Program.<Main>(String[] args)
